{
  "RSpec": {
    "coverage": {
      "/Users/rosemarythomas/Dropbox/devpoint/projects/SLCfit/app/controllers/application_controller.rb": [
        1,
        1,
        null,
        1,
        0,
        null,
        1,
        null,
        null,
        null,
        1,
        1,
        null,
        1,
        0,
        0,
        null,
        null,
        null,
        1,
        null,
        1,
        11,
        0,
        11,
        0,
        11,
        0,
        null,
        11,
        null,
        null,
        null,
        null
      ],
      "/Users/rosemarythomas/Dropbox/devpoint/projects/SLCfit/app/helpers/application_helper.rb": [
        1,
        null
      ],
      "/Users/rosemarythomas/Dropbox/devpoint/projects/SLCfit/app/helpers/activities_helper.rb": [
        1,
        null,
        1,
        1,
        null,
        null,
        1,
        3,
        null,
        1,
        null,
        null,
        1,
        3,
        null,
        null
      ],
      "/Users/rosemarythomas/Dropbox/devpoint/projects/SLCfit/app/helpers/biometrics_helper.rb": [
        1,
        null
      ],
      "/Users/rosemarythomas/Dropbox/devpoint/projects/SLCfit/app/helpers/goals_helper.rb": [
        1,
        null
      ],
      "/Users/rosemarythomas/Dropbox/devpoint/projects/SLCfit/app/helpers/infos_helper.rb": [
        1,
        null
      ],
      "/Users/rosemarythomas/Dropbox/devpoint/projects/SLCfit/app/helpers/users_helper.rb": [
        1,
        null
      ],
      "/Users/rosemarythomas/Dropbox/devpoint/projects/SLCfit/app/helpers/weeks_helper.rb": [
        1,
        null,
        null,
        null
      ],
      "/Users/rosemarythomas/Dropbox/devpoint/projects/SLCfit/app/helpers/welcome_helper.rb": [
        1,
        null
      ],
      "/Users/rosemarythomas/Dropbox/devpoint/projects/SLCfit/app/models/user.rb": [
        1,
        null,
        null,
        1,
        null,
        null,
        1,
        1,
        null,
        1,
        1,
        1,
        null,
        null,
        1,
        0,
        null,
        null,
        null
      ],
      "/Users/rosemarythomas/Dropbox/devpoint/projects/SLCfit/app/controllers/activities_controller.rb": [
        1,
        1,
        1,
        1,
        null,
        1,
        1,
        null,
        null,
        1,
        null,
        null,
        1,
        null,
        null,
        1,
        2,
        2,
        2,
        2,
        0,
        0,
        0,
        0,
        0,
        null,
        null,
        null,
        null,
        1,
        1,
        1,
        null,
        null,
        1,
        0,
        0,
        0,
        null,
        null,
        1,
        0,
        0,
        0,
        null,
        0,
        0,
        null,
        0,
        null,
        null,
        null,
        1,
        0,
        null,
        null,
        1,
        0,
        null,
        null,
        1,
        0,
        null,
        null,
        1,
        0,
        null,
        null,
        1,
        1,
        1,
        null,
        null,
        1,
        4,
        null,
        null,
        1,
        5,
        null,
        null,
        1,
        1,
        null,
        null,
        1,
        0,
        null,
        null,
        1,
        1,
        1,
        1,
        null,
        null
      ],
      "/Users/rosemarythomas/Dropbox/devpoint/projects/SLCfit/app/controllers/biometrics_controller.rb": [
        1,
        1,
        1,
        1,
        1,
        null,
        1,
        2,
        null,
        2,
        1,
        null,
        null,
        null,
        null,
        null,
        null,
        null,
        null,
        null,
        null,
        null,
        null,
        null,
        null,
        null,
        null,
        null,
        null,
        null,
        null,
        null,
        null,
        null,
        null,
        2,
        null,
        2,
        0,
        0,
        0,
        null,
        null,
        2,
        null,
        2,
        0,
        0,
        0,
        null,
        null,
        null,
        null,
        null,
        null,
        null,
        null,
        null,
        null,
        null,
        null,
        null,
        null,
        null,
        null,
        null,
        null,
        null,
        1,
        null,
        null,
        1,
        null,
        null,
        1,
        1,
        null,
        1,
        1,
        1,
        null,
        null,
        null,
        1,
        2,
        2,
        1,
        null,
        1,
        null,
        2,
        null,
        null,
        1,
        1,
        1,
        1,
        1,
        null,
        0,
        null,
        null,
        null,
        1,
        null,
        1,
        2,
        null,
        null,
        1,
        8,
        8,
        0,
        null,
        null,
        null,
        null,
        1,
        6,
        null,
        null,
        1,
        8,
        null,
        null,
        null
      ],
      "/Users/rosemarythomas/Dropbox/devpoint/projects/SLCfit/app/controllers/goals_controller.rb": [
        1,
        1,
        1,
        null,
        1,
        1,
        null,
        null,
        1,
        null,
        null,
        1,
        null,
        null,
        1,
        2,
        2,
        2,
        null,
        null,
        null,
        1,
        1,
        null,
        null,
        1,
        1,
        1,
        1,
        5,
        5,
        null,
        1,
        1,
        null,
        null,
        null,
        1,
        1,
        1,
        2,
        null,
        null,
        null,
        1,
        null,
        1,
        3,
        null,
        null,
        1,
        4,
        null,
        null,
        1,
        6,
        null,
        null,
        null
      ],
      "/Users/rosemarythomas/Dropbox/devpoint/projects/SLCfit/app/models/goal.rb": [
        1,
        1,
        1,
        null,
        1,
        null
      ],
      "/Users/rosemarythomas/Dropbox/devpoint/projects/SLCfit/app/controllers/infos_controller.rb": [
        1,
        1,
        1,
        null,
        1,
        1,
        null,
        null,
        1,
        null,
        null,
        1,
        1,
        null,
        null,
        1,
        2,
        2,
        2,
        1,
        null,
        1,
        null,
        2,
        null,
        null,
        1,
        null,
        null,
        1,
        2,
        1,
        1,
        null,
        1,
        1,
        null,
        null,
        null,
        1,
        1,
        4,
        null,
        null,
        1,
        7,
        7,
        1,
        null,
        null,
        null,
        1,
        4,
        null,
        null,
        null
      ],
      "/Users/rosemarythomas/Dropbox/devpoint/projects/SLCfit/app/controllers/weeks_controller.rb": [
        1,
        1,
        1,
        1,
        null,
        1,
        1,
        null,
        null,
        null,
        1,
        1,
        null,
        null,
        1,
        1,
        null,
        null,
        1,
        1,
        1,
        null,
        null,
        null,
        null,
        null,
        null,
        1,
        0,
        null,
        0,
        0,
        0,
        null,
        0,
        null,
        null,
        1,
        0,
        0,
        0,
        0,
        0,
        null,
        null,
        0,
        null,
        null,
        1,
        null,
        1,
        6,
        null,
        null,
        null,
        1,
        4,
        null,
        null,
        1,
        1,
        null,
        null,
        1,
        4,
        4,
        2,
        null,
        null,
        null,
        null
      ],
      "/Users/rosemarythomas/Dropbox/devpoint/projects/SLCfit/app/controllers/welcome_controller.rb": [
        1,
        1,
        1,
        1,
        1,
        null,
        null,
        null
      ],
      "/Users/rosemarythomas/Dropbox/devpoint/projects/SLCfit/app/mailers/contact.rb": [
        1,
        null,
        null,
        null,
        null,
        null,
        null,
        null,
        null,
        null,
        null,
        null,
        null,
        null,
        null,
        null,
        null,
        null,
        null,
        null,
        null,
        null,
        null,
        null,
        null,
        null,
        null,
        null,
        null,
        null,
        null,
        null
      ],
      "/Users/rosemarythomas/Dropbox/devpoint/projects/SLCfit/app/mailers/application_mailer.rb": [
        1,
        1,
        1,
        null
      ],
      "/Users/rosemarythomas/Dropbox/devpoint/projects/SLCfit/app/models/activity.rb": [
        1,
        1,
        1,
        null,
        1,
        null,
        null,
        null,
        1,
        5,
        null,
        null,
        1,
        1,
        null,
        null,
        1,
        1,
        null,
        null,
        1,
        2,
        null,
        null,
        null,
        1,
        1,
        null,
        null,
        1,
        1,
        null,
        null,
        1,
        1,
        null,
        null,
        1,
        1,
        null,
        null,
        1,
        9,
        null,
        null,
        1,
        1,
        null,
        null,
        null
      ],
      "/Users/rosemarythomas/Dropbox/devpoint/projects/SLCfit/app/models/biometric.rb": [
        1,
        1,
        null,
        1,
        null,
        1,
        3,
        null,
        null,
        null,
        null,
        null,
        null,
        null,
        null,
        null,
        null,
        null,
        null,
        null,
        null,
        null,
        null,
        null,
        null,
        null,
        null,
        null,
        null,
        null,
        null,
        null,
        null,
        null,
        null,
        null,
        null,
        null,
        null,
        null,
        null,
        null,
        null,
        null
      ],
      "/Users/rosemarythomas/Dropbox/devpoint/projects/SLCfit/app/models/info.rb": [
        1,
        1,
        null,
        1,
        null
      ],
      "/Users/rosemarythomas/Dropbox/devpoint/projects/SLCfit/app/models/soccer.rb": [
        1,
        null,
        1,
        0,
        null,
        null,
        null
      ],
      "/Users/rosemarythomas/Dropbox/devpoint/projects/SLCfit/app/models/week.rb": [
        1,
        1,
        1,
        null,
        null,
        null,
        null,
        null,
        null,
        null
      ]
    },
    "timestamp": 1437690124
  }
}
