{
  "RSpec": {
    "coverage": {
      "/Users/HP/Dev/dpl15/Sites/slc_fit/app/controllers/application_controller.rb": [
        1,
        1,
        null,
        1,
        0,
        null,
        1,
        null,
        null,
        null,
        1,
        1,
        null,
        1,
        0,
        0,
        null,
        null,
        null,
        1,
        null,
        1,
        11,
        0,
        11,
        0,
        null,
        11,
        null,
        null,
        null,
        null
      ],
      "/Users/HP/Dev/dpl15/Sites/slc_fit/app/helpers/application_helper.rb": [
        1,
        null
      ],
      "/Users/HP/Dev/dpl15/Sites/slc_fit/app/helpers/activities_helper.rb": [
        1,
        null,
        1,
        1,
        null,
        null,
        1,
        3,
        null,
        1,
        null,
        null,
        1,
        3,
        null,
        null
      ],
      "/Users/HP/Dev/dpl15/Sites/slc_fit/app/helpers/biometrics_helper.rb": [
        1,
        null
      ],
      "/Users/HP/Dev/dpl15/Sites/slc_fit/app/helpers/goals_helper.rb": [
        1,
        null
      ],
      "/Users/HP/Dev/dpl15/Sites/slc_fit/app/helpers/users_helper.rb": [
        1,
        null
      ],
      "/Users/HP/Dev/dpl15/Sites/slc_fit/app/helpers/weeks_helper.rb": [
        1,
        null
      ],
      "/Users/HP/Dev/dpl15/Sites/slc_fit/app/helpers/welcome_helper.rb": [
        1,
        null
      ],
      "/Users/HP/Dev/dpl15/Sites/slc_fit/app/models/user.rb": [
        1,
        null,
        null,
        1,
        null,
        null,
        1,
        1,
        null,
        1,
        1,
        null,
        null,
        1,
        0,
        null,
        null,
        null
      ],
      "/Users/HP/Dev/dpl15/Sites/slc_fit/app/controllers/activities_controller.rb": [
        1,
        1,
        1,
        1,
        null,
        1,
        1,
        null,
        null,
        1,
        null,
        null,
        1,
        null,
        null,
        1,
        2,
        0,
        0,
        0,
        0,
        0,
        0,
        null,
        null,
        1,
        0,
        0,
        null,
        null,
        1,
        0,
        0,
        0,
        null,
        null,
        1,
        0,
        0,
        0,
        null,
        0,
        0,
        null,
        0,
        null,
        null,
        null,
        1,
        0,
        null,
        null,
        1,
        0,
        null,
        null,
        1,
        1,
        1,
        null,
        null,
        1,
        4,
        null,
        null,
        1,
        5,
        null,
        null,
        1,
        1,
        null,
        null,
        1,
        0,
        null,
        null,
        1,
        1,
        1,
        1,
        null,
        null
      ],
      "/Users/HP/Dev/dpl15/Sites/slc_fit/app/controllers/biometrics_controller.rb": [
        1,
        1,
        1,
        null,
        1,
        1,
        null,
        1,
        null,
        1,
        0,
        0,
        0,
        null,
        null,
        null,
        1,
        null,
        null,
        1,
        null,
        null,
        1,
        1,
        null,
        null,
        1,
        0,
        0,
        0,
        0,
        null,
        0,
        null,
        null,
        null,
        1,
        0,
        0,
        0,
        null,
        0,
        null,
        null,
        null,
        1,
        null,
        1,
        0,
        null,
        null,
        1,
        4,
        null,
        null,
        1,
        4,
        null,
        null
      ],
      "/Users/HP/Dev/dpl15/Sites/slc_fit/app/controllers/goals_controller.rb": [
        1,
        1,
        1,
        null,
        1,
        1,
        null,
        null,
        1,
        null,
        null,
        1,
        null,
        null,
        1,
        2,
        2,
        2,
        null,
        null,
        null,
        1,
        1,
        null,
        null,
        1,
        1,
        1,
        1,
        0,
        0,
        null,
        0,
        0,
        null,
        null,
        null,
        1,
        1,
        1,
        2,
        null,
        null,
        null,
        1,
        null,
        1,
        3,
        null,
        null,
        1,
        4,
        null,
        null,
        null,
        null,
        null,
        1,
        6,
        null,
        null,
        null
      ],
      "/Users/HP/Dev/dpl15/Sites/slc_fit/app/controllers/weeks_controller.rb": [
        1,
        1,
        1,
        1,
        null,
        null,
        1,
        1,
        null,
        null,
        1,
        1,
        null,
        null,
        1,
        1,
        null,
        null,
        1,
        2,
        1,
        null,
        1,
        1,
        null,
        null,
        null,
        1,
        null,
        1,
        6,
        null,
        null,
        null,
        null,
        null,
        null,
        1,
        5,
        null,
        null,
        1,
        2,
        null,
        null,
        1,
        4,
        4,
        1,
        null,
        null,
        null
      ],
      "/Users/HP/Dev/dpl15/Sites/slc_fit/app/controllers/welcome_controller.rb": [
        1,
        1,
        1,
        1,
        1,
        null,
        null,
        null
      ],
      "/Users/HP/Dev/dpl15/Sites/slc_fit/app/models/activity.rb": [
        1,
        1,
        1,
        null,
        1,
        5,
        null,
        null,
        1,
        0,
        null,
        null,
        1,
        0,
        null,
        null,
        1,
        0,
        null,
        null,
        1,
        0,
        null,
        null
      ],
      "/Users/HP/Dev/dpl15/Sites/slc_fit/app/models/biometric.rb": [
        1,
        1,
        null,
        1,
        1,
        null,
        null
      ],
      "/Users/HP/Dev/dpl15/Sites/slc_fit/app/models/goal.rb": [
        1,
        1,
        1,
        null
      ],
      "/Users/HP/Dev/dpl15/Sites/slc_fit/app/models/week.rb": [
        1,
        1,
        1,
        null,
        1,
        null
      ]
    },
    "timestamp": 1437413381
  }
}
